[debug] [2022-12-07T15:07:26.517Z] ----------------------------------------------------------------------
[debug] [2022-12-07T15:07:26.519Z] Command:       C:\Program Files\nodejs\node.exe C:\Users\Rahul Vishwakarma\AppData\Roaming\npm\node_modules\firebase-tools\lib\bin\firebase.js emulators:start
[debug] [2022-12-07T15:07:26.519Z] CLI Version:   11.17.0
[debug] [2022-12-07T15:07:26.519Z] Platform:      win32
[debug] [2022-12-07T15:07:26.519Z] Node Version:  v16.18.0
[debug] [2022-12-07T15:07:26.520Z] Time:          Wed Dec 07 2022 20:37:26 GMT+0530 (India Standard Time)
[debug] [2022-12-07T15:07:26.520Z] ----------------------------------------------------------------------
[debug] 
[debug] [2022-12-07T15:07:26.615Z] > command requires scopes: ["email","openid","https://www.googleapis.com/auth/cloudplatformprojects.readonly","https://www.googleapis.com/auth/firebase","https://www.googleapis.com/auth/cloud-platform"]
[debug] [2022-12-07T15:07:26.615Z] > authorizing via signed-in user (vishwakarma.rahul77@gmail.com)
[info] i  emulators: Starting emulators: functions {"metadata":{"emulator":{"name":"hub"},"message":"Starting emulators: functions"}}
[debug] [2022-12-07T15:07:26.631Z] [logging] Logging Emulator only supports listening on one address (127.0.0.1). Not listening on ::1
[debug] [2022-12-07T15:07:26.631Z] assigned listening specs for emulators {"user":{"hub":[{"address":"127.0.0.1","family":"IPv4","port":4400},{"address":"::1","family":"IPv6","port":4400}],"ui":[{"address":"127.0.0.1","family":"IPv4","port":4000},{"address":"::1","family":"IPv6","port":4000}],"logging":[{"address":"127.0.0.1","family":"IPv4","port":4500}]},"metadata":{"message":"assigned listening specs for emulators"}}
[debug] [2022-12-07T15:07:26.642Z] [hub] writing locator at C:\Users\RAHULV~1\AppData\Local\Temp\hub-clone-v77.json
[debug] [2022-12-07T15:07:26.681Z] [functions] Functions Emulator only supports listening on one address (127.0.0.1). Not listening on ::1
[debug] [2022-12-07T15:07:26.682Z] [eventarc] Eventarc Emulator only supports listening on one address (127.0.0.1). Not listening on ::1
[debug] [2022-12-07T15:07:26.682Z] late-assigned ports for functions and eventarc emulators {"user":{"hub":[{"address":"127.0.0.1","family":"IPv4","port":4400},{"address":"::1","family":"IPv6","port":4400}],"ui":[{"address":"127.0.0.1","family":"IPv4","port":4000},{"address":"::1","family":"IPv6","port":4000}],"logging":[{"address":"127.0.0.1","family":"IPv4","port":4500}],"functions":[{"address":"127.0.0.1","family":"IPv4","port":5001}],"eventarc":[{"address":"127.0.0.1","family":"IPv4","port":9299}]},"metadata":{"message":"late-assigned ports for functions and eventarc emulators"}}
[warn] !  functions: The following emulators are not running, calls to these services from the Functions emulator will affect production: auth, firestore, database, hosting, pubsub, storage {"metadata":{"emulator":{"name":"functions"},"message":"The following emulators are not running, calls to these services from the Functions emulator will affect production: \u001b[1mauth, firestore, database, hosting, pubsub, storage\u001b[22m"}}
[info] +  functions: Using node@16 from host. {"metadata":{"emulator":{"name":"functions"},"message":"Using node@16 from host."}}
[debug] [2022-12-07T15:07:26.710Z] defaultcredentials: writing to file C:\Users\Rahul Vishwakarma\AppData\Roaming\firebase\vishwakarma_rahul77_gmail.com_application_default_credentials.json
[debug] [2022-12-07T15:07:26.712Z] Setting GAC to C:\Users\Rahul Vishwakarma\AppData\Roaming\firebase\vishwakarma_rahul77_gmail.com_application_default_credentials.json {"metadata":{"emulator":{"name":"functions"},"message":"Setting GAC to C:\\Users\\Rahul Vishwakarma\\AppData\\Roaming\\firebase\\vishwakarma_rahul77_gmail.com_application_default_credentials.json"}}
[debug] [2022-12-07T15:07:26.715Z] >>> [apiv2][query] GET https://firebase.googleapis.com/v1beta1/projects/clone-v77/adminSdkConfig [none]
[debug] [2022-12-07T15:07:27.220Z] <<< [apiv2][status] GET https://firebase.googleapis.com/v1beta1/projects/clone-v77/adminSdkConfig 200
[debug] [2022-12-07T15:07:27.221Z] <<< [apiv2][body] GET https://firebase.googleapis.com/v1beta1/projects/clone-v77/adminSdkConfig {"projectId":"clone-v77","databaseURL":"https://clone-v77-default-rtdb.firebaseio.com","storageBucket":"clone-v77.appspot.com"}
[debug] [2022-12-07T15:07:27.246Z] Ignoring unsupported arg: auto_download {"metadata":{"emulator":{"name":"ui"},"message":"Ignoring unsupported arg: auto_download"}}
[debug] [2022-12-07T15:07:27.246Z] Ignoring unsupported arg: port {"metadata":{"emulator":{"name":"ui"},"message":"Ignoring unsupported arg: port"}}
[debug] [2022-12-07T15:07:27.246Z] Starting Emulator UI with command {"binary":"node","args":["C:\\Users\\Rahul Vishwakarma\\.cache\\firebase\\emulators\\ui-v1.11.1\\server\\server.js"],"optionalArgs":[],"joinArgs":false} {"metadata":{"emulator":{"name":"ui"},"message":"Starting Emulator UI with command {\"binary\":\"node\",\"args\":[\"C:\\\\Users\\\\Rahul Vishwakarma\\\\.cache\\\\firebase\\\\emulators\\\\ui-v1.11.1\\\\server\\\\server.js\"],\"optionalArgs\":[],\"joinArgs\":false}"}}
[info] i  ui: Emulator UI logging to ui-debug.log {"metadata":{"emulator":{"name":"ui"},"message":"Emulator UI logging to \u001b[1mui-debug.log\u001b[22m"}}
[debug] [2022-12-07T15:07:27.406Z] Web / API server started at 127.0.0.1:4000
 {"metadata":{"emulator":{"name":"ui"},"message":"Web / API server started at 127.0.0.1:4000\n"}}
[debug] [2022-12-07T15:07:27.407Z] Web / API server started at ::1:4000
 {"metadata":{"emulator":{"name":"ui"},"message":"Web / API server started at ::1:4000\n"}}
[info] i  functions: Watching "F:\Amazon Project\APS\amazon-clone-react\functions" for Cloud Functions... {"metadata":{"emulator":{"name":"functions"},"message":"Watching \"F:\\Amazon Project\\APS\\amazon-clone-react\\functions\" for Cloud Functions..."}}
[debug] [2022-12-07T15:07:27.529Z] Validating nodejs source
[warn] !  functions: package.json indicates an outdated version of firebase-functions. Please upgrade using npm install --save firebase-functions@latest in your functions directory. 
[warn] !  functions: Please note that there will be breaking changes when you upgrade. 
[debug] [2022-12-07T15:07:30.511Z] > [functions] package.json contents: {
  "name": "functions",
  "description": "Cloud Functions for Firebase",
  "scripts": {
    "lint": "eslint .",
    "serve": "firebase emulators:start --only functions",
    "shell": "firebase functions:shell",
    "start": "npm run shell",
    "deploy": "firebase deploy --only functions",
    "logs": "firebase functions:log"
  },
  "engines": {
    "node": "16"
  },
  "main": "index.js",
  "dependencies": {
    "cors": "^2.8.5",
    "firebase-admin": "^10.0.2",
    "firebase-functions": "^3.18.0",
    "stripe": "^11.2.0"
  },
  "devDependencies": {
    "eslint": "^8.9.0",
    "eslint-config-google": "^0.14.0",
    "firebase-functions-test": "^0.2.0"
  },
  "private": true
}
[debug] [2022-12-07T15:07:30.511Z] Building nodejs source
[debug] [2022-12-07T15:07:30.511Z] Analyzing nodejs backend spec
[debug] [2022-12-07T15:07:30.512Z] Could not find functions.yaml. Must use http discovery
[debug] [2022-12-07T15:07:30.769Z] Serving at port 9005

[debug] [2022-12-07T15:07:30.907Z] Got response from /__/functions.yaml {"endpoints":{"api":{"platform":"gcfv1","httpsTrigger":{},"entryPoint":"api"}},"specVersion":"v1alpha1","requiredAPIs":[]}
[debug] [2022-12-07T15:07:30.917Z] shutdown requested via /__/quitquitquit

[info] +  functions: Loaded functions definitions from source: api. {"metadata":{"emulator":{"name":"functions"},"message":"Loaded functions definitions from source: api."}}
[info] +  functions[us-central1-api]: http function initialized (http://127.0.0.1:5001/clone-v77/us-central1/api). {"metadata":{"emulator":{"name":"functions"},"message":"\u001b[1mhttp\u001b[22m function initialized (http://127.0.0.1:5001/clone-v77/us-central1/api)."}}
[info] 
┌─────────────────────────────────────────────────────────────┐
│ ✔  All emulators ready! It is now safe to connect your app. │
│ i  View Emulator UI at http://127.0.0.1:4000/               │
└─────────────────────────────────────────────────────────────┘

┌───────────┬────────────────┬─────────────────────────────────┐
│ Emulator  │ Host:Port      │ View in Emulator UI             │
├───────────┼────────────────┼─────────────────────────────────┤
│ Functions │ 127.0.0.1:5001 │ http://127.0.0.1:4000/functions │
└───────────┴────────────────┴─────────────────────────────────┘
  Emulator Hub running at 127.0.0.1:4400
  Other reserved ports: 4500

Issues? Report them at https://github.com/firebase/firebase-tools/issues and attach the *-debug.log files.
 
[debug] [2022-12-07T15:09:20.717Z] File F:\Amazon Project\APS\amazon-clone-react\functions\index.js changed, reloading triggers {"metadata":{"emulator":{"name":"functions"},"message":"File F:\\Amazon Project\\APS\\amazon-clone-react\\functions\\index.js changed, reloading triggers"}}
[debug] [2022-12-07T15:09:21.731Z] Validating nodejs source
[warn] !  functions: package.json indicates an outdated version of firebase-functions. Please upgrade using npm install --save firebase-functions@latest in your functions directory. 
[warn] !  functions: Please note that there will be breaking changes when you upgrade. 
[debug] [2022-12-07T15:09:32.814Z] > [functions] package.json contents: {
  "name": "functions",
  "description": "Cloud Functions for Firebase",
  "scripts": {
    "lint": "eslint .",
    "serve": "firebase emulators:start --only functions",
    "shell": "firebase functions:shell",
    "start": "npm run shell",
    "deploy": "firebase deploy --only functions",
    "logs": "firebase functions:log"
  },
  "engines": {
    "node": "16"
  },
  "main": "index.js",
  "dependencies": {
    "cors": "^2.8.5",
    "firebase-admin": "^10.0.2",
    "firebase-functions": "^3.18.0",
    "stripe": "^11.2.0"
  },
  "devDependencies": {
    "eslint": "^8.9.0",
    "eslint-config-google": "^0.14.0",
    "firebase-functions-test": "^0.2.0"
  },
  "private": true
}
[debug] [2022-12-07T15:09:32.814Z] Building nodejs source
[debug] [2022-12-07T15:09:32.814Z] Analyzing nodejs backend spec
[debug] [2022-12-07T15:09:32.814Z] Could not find functions.yaml. Must use http discovery
[debug] [2022-12-07T15:09:33.099Z] Serving at port 9005

[debug] [2022-12-07T15:09:33.315Z] Got response from /__/functions.yaml {"endpoints":{"api":{"platform":"gcfv1","httpsTrigger":{},"entryPoint":"api"}},"specVersion":"v1alpha1","requiredAPIs":[]}
[debug] [2022-12-07T15:09:33.322Z] shutdown requested via /__/quitquitquit

[info] +  functions: Loaded functions definitions from source: api. {"metadata":{"emulator":{"name":"functions"},"message":"Loaded functions definitions from source: api."}}
[debug] [2022-12-07T15:10:44.599Z] File F:\Amazon Project\APS\amazon-clone-react\functions\index.js changed, reloading triggers {"metadata":{"emulator":{"name":"functions"},"message":"File F:\\Amazon Project\\APS\\amazon-clone-react\\functions\\index.js changed, reloading triggers"}}
[debug] [2022-12-07T15:10:45.602Z] Validating nodejs source
[warn] !  functions: package.json indicates an outdated version of firebase-functions. Please upgrade using npm install --save firebase-functions@latest in your functions directory. 
[warn] !  functions: Please note that there will be breaking changes when you upgrade. 
[debug] [2022-12-07T15:10:48.327Z] > [functions] package.json contents: {
  "name": "functions",
  "description": "Cloud Functions for Firebase",
  "scripts": {
    "lint": "eslint .",
    "serve": "firebase emulators:start --only functions",
    "shell": "firebase functions:shell",
    "start": "npm run shell",
    "deploy": "firebase deploy --only functions",
    "logs": "firebase functions:log"
  },
  "engines": {
    "node": "16"
  },
  "main": "index.js",
  "dependencies": {
    "cors": "^2.8.5",
    "firebase-admin": "^10.0.2",
    "firebase-functions": "^3.18.0",
    "stripe": "^11.2.0"
  },
  "devDependencies": {
    "eslint": "^8.9.0",
    "eslint-config-google": "^0.14.0",
    "firebase-functions-test": "^0.2.0"
  },
  "private": true
}
[debug] [2022-12-07T15:10:48.328Z] Building nodejs source
[debug] [2022-12-07T15:10:48.328Z] Analyzing nodejs backend spec
[debug] [2022-12-07T15:10:48.328Z] Could not find functions.yaml. Must use http discovery
[debug] [2022-12-07T15:10:48.576Z] Serving at port 9005

[debug] [2022-12-07T15:10:48.715Z] Got response from /__/functions.yaml {"endpoints":{"api":{"platform":"gcfv1","httpsTrigger":{},"entryPoint":"api"}},"specVersion":"v1alpha1","requiredAPIs":[]}
[debug] [2022-12-07T15:10:48.721Z] shutdown requested via /__/quitquitquit

[info] +  functions: Loaded functions definitions from source: api. {"metadata":{"emulator":{"name":"functions"},"message":"Loaded functions definitions from source: api."}}
[debug] [2022-12-07T15:12:06.703Z] File F:\Amazon Project\APS\amazon-clone-react\functions\index.js changed, reloading triggers {"metadata":{"emulator":{"name":"functions"},"message":"File F:\\Amazon Project\\APS\\amazon-clone-react\\functions\\index.js changed, reloading triggers"}}
[debug] [2022-12-07T15:12:07.717Z] Validating nodejs source
[warn] !  functions: package.json indicates an outdated version of firebase-functions. Please upgrade using npm install --save firebase-functions@latest in your functions directory. 
[warn] !  functions: Please note that there will be breaking changes when you upgrade. 
[debug] [2022-12-07T15:12:11.508Z] > [functions] package.json contents: {
  "name": "functions",
  "description": "Cloud Functions for Firebase",
  "scripts": {
    "lint": "eslint .",
    "serve": "firebase emulators:start --only functions",
    "shell": "firebase functions:shell",
    "start": "npm run shell",
    "deploy": "firebase deploy --only functions",
    "logs": "firebase functions:log"
  },
  "engines": {
    "node": "16"
  },
  "main": "index.js",
  "dependencies": {
    "cors": "^2.8.5",
    "firebase-admin": "^10.0.2",
    "firebase-functions": "^3.18.0",
    "stripe": "^11.2.0"
  },
  "devDependencies": {
    "eslint": "^8.9.0",
    "eslint-config-google": "^0.14.0",
    "firebase-functions-test": "^0.2.0"
  },
  "private": true
}
[debug] [2022-12-07T15:12:11.508Z] Building nodejs source
[debug] [2022-12-07T15:12:11.508Z] Analyzing nodejs backend spec
[debug] [2022-12-07T15:12:11.508Z] Could not find functions.yaml. Must use http discovery
[debug] [2022-12-07T15:12:11.737Z] Serving at port 9005

[debug] [2022-12-07T15:12:11.863Z] Got response from /__/functions.yaml {"endpoints":{"api":{"platform":"gcfv1","httpsTrigger":{},"entryPoint":"api"}},"specVersion":"v1alpha1","requiredAPIs":[]}
[debug] [2022-12-07T15:12:11.867Z] shutdown requested via /__/quitquitquit

[info] +  functions: Loaded functions definitions from source: api. {"metadata":{"emulator":{"name":"functions"},"message":"Loaded functions definitions from source: api."}}
